<?xml version="1.0" encoding="UTF-8"?>
<!-- Generated by org.testng.reporters.JUnitReportReporter -->
<testsuite hostname="DESKTOP-C72I851" failures="0" tests="7" name="TestCases.MainTest" time="6.108" errors="0" timestamp="2025-03-10T03:53:04 AST" skipped="4">
  <testcase classname="TestCases.MainTest" name="Login" time="3.505"/>
  <system-out/>
  <testcase classname="TestCases.MainTest" name="AddRandomItem" time="0.438"/>
  <system-out/>
  <testcase classname="TestCases.MainTest" name="CheckoutProcess" time="2.165"/>
  <system-out/>
  <testcase classname="TestCases.MainTest" name="AddCertainItems">
    <skipped/>
  </testcase> <!-- AddCertainItems -->
  <system-out/>
  <testcase classname="TestCases.MainTest" name="AddItemsThatStartsWithSauce">
    <skipped/>
  </testcase> <!-- AddItemsThatStartsWithSauce -->
  <system-out/>
  <testcase classname="TestCases.MainTest" name="AddAllItems">
    <skipped/>
  </testcase> <!-- AddAllItems -->
  <system-out/>
  <testcase classname="TestCases.MainTest" name="AddFirstItem">
    <skipped/>
  </testcase> <!-- AddFirstItem -->
  <system-out/>
</testsuite> <!-- TestCases.MainTest -->
